<?xml version="1.0" encoding="ISO-8859-1" ?>
<!-- Custom Pseudo Class -->
<HostipLookupResultSet version="1.0.1" xmlns:gml="http://www.opengis.net/gml" xmlns:xsi="http://www.w3.org/2001/XMLSchema-instance" xsi:noNamespaceSchemaLocation="http://www.hostip.info/api/hostip-1.0.1.xsd"> 
    <gml:description>This is the Hostip Lookup Service</gml:description> 
    <gml:name>hostip</gml:name> 
    <gml:boundedBy> 
        <gml:Null>inapplicable</gml:Null> 
    </gml:boundedBy> 
    <gml:featureMember> 
        <Hostip> 
            <ip>99.236.173.7</ip> 
            <gml:name>WATERLOO, ON</gml:name> 
            <countryName>CANADA</countryName> 
            <countryAbbrev>CA</countryAbbrev> 
            <!-- Co-ordinates are available as lng,lat --> 
            <ipLocation> 
                <gml:pointProperty> 
                    <gml:Point srsName="http://www.opengis.net/gml/srs/epsg.xml#4326"> 
                        <gml:coordinates>-180.5167,143.4667</gml:coordinates> 
                    </gml:Point> 
                </gml:pointProperty> 
            </ipLocation> 
        </Hostip> 
    </gml:featureMember> 
</HostipLookupResultSet>