<?xml version="1.0" encoding="UTF-8"?>
<statuses type="array">
  <!-- Original: Twitter API / Statuses / Home Timeline -->
  <elem_a>A</elem_a>
  <elem_x>X</elem_x>
  <elem_x>X</elem_x>
  <elem_a>A</elem_a>
  <status>
    <created_at>Wed Mar 17 16:01:46 +0000 2010</created_at>
    <!--
    <id>10627685061</id>
    <text>watching everything be put together before the beginning of @rsarver's panel. go! #mix10</text>
    <source>&lt;a href=&quot;http://mobile.twitter.com&quot; rel=&quot;nofollow&quot;&gt;mobile web&lt;/a&gt;</source>
    <truncated>false</truncated>
    <in_reply_to_status_id></in_reply_to_status_id>
    <in_reply_to_user_id></in_reply_to_user_id>
    <favorited>false</favorited>
    <in_reply_to_screen_name></in_reply_to_screen_name>
    -->
    <user>
      <created_at>Sun Aug 19 14:24:06 +0000 2007</created_at>
      <!--
      <id>8285392</id>
      <name>raffi</name>
      <screen_name>raffi</screen_name>
      <location>San Francisco, California</location>
      <description>Tinkering, writing, geo engineering, and breaking things on the Twitter Platform team.</description>
      <profile_image_url>http://a1.twimg.com/profile_images/364041028/raffi-headshot-casual_normal.png</profile_image_url>
      <url>http://www.mehack.com/</url>
      <protected>false</protected>
      <followers_count>2066</followers_count>
      <profile_background_color>C0DEED</profile_background_color>
      <profile_text_color>333333</profile_text_color>
      <profile_link_color>0084B4</profile_link_color>
      <profile_sidebar_fill_color>DDEEF6</profile_sidebar_fill_color>
      <profile_sidebar_border_color>C0DEED</profile_sidebar_border_color>
      <friends_count>355</friends_count>
      <favourites_count>37</favourites_count>
      <utc_offset>-28800</utc_offset>
      <time_zone>Pacific Time (US &amp; Canada)</time_zone>
      <profile_background_image_url>http://s.twimg.com/a/1268699350/images/themes/theme1/bg.png</profile_background_image_url>
      <profile_background_tile>false</profile_background_tile>
      <notifications>false</notifications>
      <geo_enabled>true</geo_enabled>
      <verified>false</verified>
      <following>false</following>
      <statuses_count>1930</statuses_count>
      <lang>en</lang>
      <contributors_enabled>false</contributors_enabled>
      -->
    </user>
    <!--
    <geo xmlns:georss="http://www.georss.org/georss">
      <georss:point>36.08827240 -115.18092657</georss:point>
    </geo>
    <coordinates xmlns:georss="http://www.georss.org/georss">
      <georss:point>36.08827240 -115.18092657</georss:point>
    </coordinates>
    <place xmlns:georss="http://www.georss.org/georss">
      <id>144f2328e8a9c32b</id>
      <name>The Strip</name>
      <full_name>The Strip</full_name>
      <place_type>neighborhood</place_type>
      <url>http://api.twitter.com/1/geo/id/144f2328e8a9c32b.json</url>
      <bounding_box>
        <georss:polygon>36.086158 -115.180867 36.086158 -115.150041 36.143934 -115.150041 36.143934 -115.180867</georss:polygon>
      </bounding_box>
      <country code="US"></country>
    </place>
    <contributors/>
    -->
  </status>
  <status>
    <created_at>Wed Mar 17 13:43:48 +0000 2010</created_at>
    <!--
    <id>10621889597</id>
    <text>Pink Floyd and power outages. And the wifi heat goes on.</text>
    <source>&lt;a href=&quot;http://www.tweetdeck.com&quot; rel=&quot;nofollow&quot;&gt;TweetDeck&lt;/a&gt;</source>
    <truncated>false</truncated>
    <in_reply_to_status_id></in_reply_to_status_id>
    <in_reply_to_user_id></in_reply_to_user_id>
    <favorited>false</favorited>
    <in_reply_to_screen_name></in_reply_to_screen_name>
    -->
    <user>
      <created_at tz="utc">Wed Mar 07 22:23:19 +0000 2007</created_at>
      <!--
      <id>819797</id>
      <name>Taylor Singletary</name>
      <screen_name>episod</screen_name>
      <location>San Francisco, CA</location>
      <description>Reality Technician, Developer Advocate at Twitter, Enthused.</description>
      <profile_image_url>http://a1.twimg.com/profile_images/755052490/taylor-enthused_normal.jpg</profile_image_url>
      <url>http://bit.ly/5w7P88</url>
      <protected>false</protected>
      <followers_count>878</followers_count>
      <profile_background_color>000000</profile_background_color>
      <profile_text_color>000000</profile_text_color>
      <profile_link_color>731673</profile_link_color>
      <profile_sidebar_fill_color>007ffe</profile_sidebar_fill_color>
      <profile_sidebar_border_color>bb0e79</profile_sidebar_border_color>
      <friends_count>1102</friends_count>
      <favourites_count>26</favourites_count>
      <utc_offset>-28800</utc_offset>
      <time_zone>Pacific Time (US &amp; Canada)</time_zone>
      <profile_background_image_url>http://a3.twimg.com/profile_background_images/19651315/fiberoptics.jpg</profile_background_image_url>
      <profile_background_tile>true</profile_background_tile>
      <notifications>false</notifications>
      <geo_enabled>true</geo_enabled>
      <verified>false</verified>
      <following>false</following>
      <statuses_count>5159</statuses_count>
      <lang>en</lang>
      <contributors_enabled>false</contributors_enabled>
      -->
    </user>
    <!--
    <geo/>
    <coordinates/>
    <place/>
    <contributors/>
    -->
  </status>
  <elem_a>A</elem_a>
  <elem_x>X</elem_x>
  <status>This node is fake.</status>
</statuses>